app/build/intermediates/manifest_merge_blame_file/debug/manifest-merger-blame-debug-report.txt
1<?xml version="1.0" encoding="utf-8"?>
2<manifest xmlns:android="http://schemas.android.com/apk/res/android"
3    package="edu.umb.cs443"
4    android:versionCode="1"
5    android:versionName="1.0" >
6
7    <uses-sdk
8        android:minSdkVersion="19"
8-->src/main/AndroidManifest.xml
9        android:targetSdkVersion="29" />
9-->src/main/AndroidManifest.xml
10
11    <uses-permission android:name="android.permission.INTERNET" />
11-->src/main/AndroidManifest.xml:8:5-66
11-->src/main/AndroidManifest.xml:8:22-64
12    <uses-permission android:name="android.permission.ACCESS_NETWORK_STATE" />
12-->src/main/AndroidManifest.xml:9:5-78
12-->src/main/AndroidManifest.xml:9:22-76
13    <uses-permission android:name="android.permission.WRITE_EXTERNAL_STORAGE" />
13-->src/main/AndroidManifest.xml:10:5-80
13-->src/main/AndroidManifest.xml:10:22-78
14    <uses-permission android:name="android.permission.ACCESS_COARSE_LOCATION" />
14-->src/main/AndroidManifest.xml:12:5-80
14-->src/main/AndroidManifest.xml:12:22-78
15    <uses-permission android:name="android.permission.ACCESS_FINE_LOCATION" />
15-->src/main/AndroidManifest.xml:13:5-78
15-->src/main/AndroidManifest.xml:13:22-76
16
17    <uses-feature
17-->src/main/AndroidManifest.xml:16:5-18:34
18        android:glEsVersion="0x00020000"
18-->src/main/AndroidManifest.xml:17:9-41
19        android:required="true" />
19-->src/main/AndroidManifest.xml:18:9-32
20
21    <!-- Optional permission for Analytics to run. -->
22    <uses-permission android:name="android.permission.WAKE_LOCK" /> <!-- Required by older versions of Google Play services to create GCM registration tokens -->
22-->[com.google.android.gms:play-services-analytics:12.0.1] AndroidManifest.xml:27:5-68
22-->[com.google.android.gms:play-services-analytics:12.0.1] AndroidManifest.xml:27:22-65
23    <uses-permission android:name="com.google.android.c2dm.permission.RECEIVE" />
23-->[com.google.android.gms:play-services-gcm:12.0.1] AndroidManifest.xml:23:5-82
23-->[com.google.android.gms:play-services-gcm:12.0.1] AndroidManifest.xml:23:22-79
24
25    <permission
25-->[com.google.firebase:firebase-iid:12.0.1] AndroidManifest.xml:28:5-30:47
26        android:name="edu.umb.cs443.permission.C2D_MESSAGE"
26-->[com.google.firebase:firebase-iid:12.0.1] AndroidManifest.xml:29:9-63
27        android:protectionLevel="signature" />
27-->[com.google.firebase:firebase-iid:12.0.1] AndroidManifest.xml:30:9-44
28
29    <uses-permission android:name="edu.umb.cs443.permission.C2D_MESSAGE" />
29-->[com.google.firebase:firebase-iid:12.0.1] AndroidManifest.xml:32:5-79
29-->[com.google.firebase:firebase-iid:12.0.1] AndroidManifest.xml:32:22-76
30
31    <application
31-->src/main/AndroidManifest.xml:19:5-43:19
32        android:name="androidx.multidex.MultiDexApplication"
33        android:allowBackup="true"
33-->src/main/AndroidManifest.xml:20:9-35
34        android:appComponentFactory="androidx.core.app.CoreComponentFactory"
34-->[androidx.core:core:1.3.2] AndroidManifest.xml:24:18-86
35        android:debuggable="true"
36        android:icon="@drawable/ic_launcher"
36-->src/main/AndroidManifest.xml:21:9-45
37        android:label="@string/app_name"
37-->src/main/AndroidManifest.xml:22:9-41
38        android:testOnly="true"
39        android:theme="@style/AppTheme" >
39-->src/main/AndroidManifest.xml:23:9-40
40        <activity
40-->src/main/AndroidManifest.xml:24:9-32:20
41            android:name="edu.umb.cs443.MainActivity"
41-->src/main/AndroidManifest.xml:25:13-41
42            android:label="@string/app_name" >
42-->src/main/AndroidManifest.xml:26:13-45
43            <intent-filter>
43-->src/main/AndroidManifest.xml:27:13-31:29
44                <action android:name="android.intent.action.MAIN" />
44-->src/main/AndroidManifest.xml:28:17-69
44-->src/main/AndroidManifest.xml:28:25-66
45
46                <category android:name="android.intent.category.LAUNCHER" />
46-->src/main/AndroidManifest.xml:30:17-77
46-->src/main/AndroidManifest.xml:30:27-74
47            </intent-filter>
48        </activity>
49
50        <meta-data
50-->src/main/AndroidManifest.xml:34:9-36:15
51            android:name="com.google.android.maps.v2.API_KEY"
51-->src/main/AndroidManifest.xml:34:20-69
52            android:value="AIzaSyDiQN-QZloqHpWcZFZ3DYsgRoghuNJ4eCk" />
52-->src/main/AndroidManifest.xml:35:13-70
53        <!-- android:value="AIzaSyAfj1rDRmeuhwyqUSYL94FT12VzIE_zjG8" -->
54        <meta-data
54-->src/main/AndroidManifest.xml:38:9-40:69
55            android:name="com.google.android.gms.version"
55-->src/main/AndroidManifest.xml:39:13-58
56            android:value="@integer/google_play_services_version" />
56-->src/main/AndroidManifest.xml:40:13-66
57
58        <uses-library
58-->src/main/AndroidManifest.xml:42:9-88
59            android:name="org.apache.http.legacy"
59-->src/main/AndroidManifest.xml:42:23-60
60            android:required="false" />
60-->src/main/AndroidManifest.xml:42:61-85
61
62        <receiver android:name="com.google.android.gms.cast.framework.media.MediaIntentReceiver" />
62-->[com.google.android.gms:play-services-cast-framework:12.0.1] AndroidManifest.xml:8:9-100
62-->[com.google.android.gms:play-services-cast-framework:12.0.1] AndroidManifest.xml:8:19-97
63
64        <service android:name="com.google.android.gms.cast.framework.media.MediaNotificationService" />
64-->[com.google.android.gms:play-services-cast-framework:12.0.1] AndroidManifest.xml:10:9-104
64-->[com.google.android.gms:play-services-cast-framework:12.0.1] AndroidManifest.xml:10:18-101
65        <service android:name="com.google.android.gms.cast.framework.ReconnectionService" /> <!-- Include the AdActivity and InAppPurchaseActivity configChanges and themes. -->
65-->[com.google.android.gms:play-services-cast-framework:12.0.1] AndroidManifest.xml:11:9-93
65-->[com.google.android.gms:play-services-cast-framework:12.0.1] AndroidManifest.xml:11:18-90
66        <activity
66-->[com.google.android.gms:play-services-ads-lite:12.0.1] AndroidManifest.xml:29:9-33:64
67            android:name="com.google.android.gms.ads.AdActivity"
67-->[com.google.android.gms:play-services-ads-lite:12.0.1] AndroidManifest.xml:30:13-65
68            android:configChanges="keyboard|keyboardHidden|orientation|screenLayout|uiMode|screenSize|smallestScreenSize"
68-->[com.google.android.gms:play-services-ads-lite:12.0.1] AndroidManifest.xml:31:13-122
69            android:exported="false"
69-->[com.google.android.gms:play-services-ads-lite:12.0.1] AndroidManifest.xml:32:13-37
70            android:theme="@android:style/Theme.Translucent" />
70-->[com.google.android.gms:play-services-ads-lite:12.0.1] AndroidManifest.xml:33:13-61
71
72        <receiver
72-->[com.google.android.gms:play-services-analytics:12.0.1] AndroidManifest.xml:30:9-34:20
73            android:name="com.google.android.gms.analytics.AnalyticsReceiver"
73-->[com.google.android.gms:play-services-analytics:12.0.1] AndroidManifest.xml:31:13-78
74            android:enabled="true"
74-->[com.google.android.gms:play-services-analytics:12.0.1] AndroidManifest.xml:32:13-35
75            android:exported="false" >
75-->[com.google.android.gms:play-services-analytics:12.0.1] AndroidManifest.xml:33:13-37
76        </receiver>
77
78        <service
78-->[com.google.android.gms:play-services-analytics:12.0.1] AndroidManifest.xml:36:9-39:40
79            android:name="com.google.android.gms.analytics.AnalyticsService"
79-->[com.google.android.gms:play-services-analytics:12.0.1] AndroidManifest.xml:37:13-77
80            android:enabled="true"
80-->[com.google.android.gms:play-services-analytics:12.0.1] AndroidManifest.xml:38:13-35
81            android:exported="false" />
81-->[com.google.android.gms:play-services-analytics:12.0.1] AndroidManifest.xml:39:13-37
82        <service
82-->[com.google.android.gms:play-services-analytics:12.0.1] AndroidManifest.xml:40:9-44:72
83            android:name="com.google.android.gms.analytics.AnalyticsJobService"
83-->[com.google.android.gms:play-services-analytics:12.0.1] AndroidManifest.xml:41:13-80
84            android:enabled="true"
84-->[com.google.android.gms:play-services-analytics:12.0.1] AndroidManifest.xml:42:13-35
85            android:exported="false"
85-->[com.google.android.gms:play-services-analytics:12.0.1] AndroidManifest.xml:43:13-37
86            android:permission="android.permission.BIND_JOB_SERVICE" />
86-->[com.google.android.gms:play-services-analytics:12.0.1] AndroidManifest.xml:44:13-69
87
88        <activity
88-->[com.google.android.gms:play-services-appinvite:12.0.1] AndroidManifest.xml:25:9-34:20
89            android:name="com.google.android.gms.appinvite.PreviewActivity"
89-->[com.google.android.gms:play-services-appinvite:12.0.1] AndroidManifest.xml:26:13-76
90            android:exported="true"
90-->[com.google.android.gms:play-services-appinvite:12.0.1] AndroidManifest.xml:27:13-36
91            android:theme="@style/Theme.AppInvite.Preview" >
91-->[com.google.android.gms:play-services-appinvite:12.0.1] AndroidManifest.xml:28:13-59
92            <intent-filter>
92-->[com.google.android.gms:play-services-appinvite:12.0.1] AndroidManifest.xml:29:13-33:29
93                <action android:name="com.google.android.gms.appinvite.ACTION_PREVIEW" />
93-->[com.google.android.gms:play-services-appinvite:12.0.1] AndroidManifest.xml:30:17-90
93-->[com.google.android.gms:play-services-appinvite:12.0.1] AndroidManifest.xml:30:25-87
94
95                <category android:name="android.intent.category.DEFAULT" />
95-->[com.google.android.gms:play-services-appinvite:12.0.1] AndroidManifest.xml:32:17-76
95-->[com.google.android.gms:play-services-appinvite:12.0.1] AndroidManifest.xml:32:27-73
96            </intent-filter>
97        </activity>
98        <activity
98-->[com.google.android.gms:play-services-auth:12.0.1] AndroidManifest.xml:23:9-27:75
99            android:name="com.google.android.gms.auth.api.signin.internal.SignInHubActivity"
99-->[com.google.android.gms:play-services-auth:12.0.1] AndroidManifest.xml:24:13-93
100            android:excludeFromRecents="true"
100-->[com.google.android.gms:play-services-auth:12.0.1] AndroidManifest.xml:25:13-46
101            android:exported="false"
101-->[com.google.android.gms:play-services-auth:12.0.1] AndroidManifest.xml:26:13-37
102            android:theme="@android:style/Theme.Translucent.NoTitleBar" />
102-->[com.google.android.gms:play-services-auth:12.0.1] AndroidManifest.xml:27:13-72
103        <!--
104            Service handling Google Sign-In user revocation. For apps that do not integrate with
105            Google Sign-In, this service will never be started.
106        -->
107        <service
107-->[com.google.android.gms:play-services-auth:12.0.1] AndroidManifest.xml:33:9-36:110
108            android:name="com.google.android.gms.auth.api.signin.RevocationBoundService"
108-->[com.google.android.gms:play-services-auth:12.0.1] AndroidManifest.xml:34:13-89
109            android:exported="true"
109-->[com.google.android.gms:play-services-auth:12.0.1] AndroidManifest.xml:35:13-36
110            android:permission="com.google.android.gms.auth.api.signin.permission.REVOCATION_NOTIFICATION" />
110-->[com.google.android.gms:play-services-auth:12.0.1] AndroidManifest.xml:36:13-107
111
112        <activity
112-->[com.google.firebase:firebase-auth:12.0.1] AndroidManifest.xml:23:9-29:75
113            android:name="com.google.firebase.auth.internal.FederatedSignInActivity"
113-->[com.google.firebase:firebase-auth:12.0.1] AndroidManifest.xml:24:13-85
114            android:excludeFromRecents="true"
114-->[com.google.firebase:firebase-auth:12.0.1] AndroidManifest.xml:25:13-46
115            android:exported="true"
115-->[com.google.firebase:firebase-auth:12.0.1] AndroidManifest.xml:26:13-36
116            android:launchMode="singleInstance"
116-->[com.google.firebase:firebase-auth:12.0.1] AndroidManifest.xml:27:13-48
117            android:permission="com.google.firebase.auth.api.gms.permission.LAUNCH_FEDERATED_SIGN_IN"
117-->[com.google.firebase:firebase-auth:12.0.1] AndroidManifest.xml:28:13-102
118            android:theme="@android:style/Theme.Translucent.NoTitleBar" />
118-->[com.google.firebase:firebase-auth:12.0.1] AndroidManifest.xml:29:13-72
119        <activity
119-->[com.google.android.gms:play-services-base:12.0.1] AndroidManifest.xml:23:9-26:75
120            android:name="com.google.android.gms.common.api.GoogleApiActivity"
120-->[com.google.android.gms:play-services-base:12.0.1] AndroidManifest.xml:24:13-79
121            android:exported="false"
121-->[com.google.android.gms:play-services-base:12.0.1] AndroidManifest.xml:25:13-37
122            android:theme="@android:style/Theme.Translucent.NoTitleBar" />
122-->[com.google.android.gms:play-services-base:12.0.1] AndroidManifest.xml:26:13-72
123        <!--
124             FirebaseMessagingService performs security checks at runtime,
125             no need for explicit permissions despite exported="true"
126        -->
127        <service
127-->[com.google.firebase:firebase-messaging:12.0.1] AndroidManifest.xml:28:9-34:19
128            android:name="com.google.firebase.messaging.FirebaseMessagingService"
128-->[com.google.firebase:firebase-messaging:12.0.1] AndroidManifest.xml:29:13-82
129            android:exported="true" >
129-->[com.google.firebase:firebase-messaging:12.0.1] AndroidManifest.xml:30:13-36
130            <intent-filter android:priority="-500" >
130-->[com.google.firebase:firebase-messaging:12.0.1] AndroidManifest.xml:31:13-33:29
130-->[com.google.firebase:firebase-messaging:12.0.1] AndroidManifest.xml:31:28-51
131                <action android:name="com.google.firebase.MESSAGING_EVENT" />
131-->[com.google.firebase:firebase-messaging:12.0.1] AndroidManifest.xml:32:17-78
131-->[com.google.firebase:firebase-messaging:12.0.1] AndroidManifest.xml:32:25-75
132            </intent-filter>
133        </service>
134        <service
134-->[com.google.android.gms:play-services-tagmanager-api:12.0.1] AndroidManifest.xml:27:9-30:40
135            android:name="com.google.android.gms.tagmanager.TagManagerService"
135-->[com.google.android.gms:play-services-tagmanager-api:12.0.1] AndroidManifest.xml:28:13-79
136            android:enabled="true"
136-->[com.google.android.gms:play-services-tagmanager-api:12.0.1] AndroidManifest.xml:29:13-35
137            android:exported="false" />
137-->[com.google.android.gms:play-services-tagmanager-api:12.0.1] AndroidManifest.xml:30:13-37
138
139        <activity
139-->[com.google.android.gms:play-services-tagmanager-api:12.0.1] AndroidManifest.xml:32:9-44:20
140            android:name="com.google.android.gms.tagmanager.TagManagerPreviewActivity"
140-->[com.google.android.gms:play-services-tagmanager-api:12.0.1] AndroidManifest.xml:33:13-87
141            android:exported="true"
141-->[com.google.android.gms:play-services-tagmanager-api:12.0.1] AndroidManifest.xml:34:13-36
142            android:noHistory="true" > <!-- optional, removes the previewActivity from the activity stack. -->
142-->[com.google.android.gms:play-services-tagmanager-api:12.0.1] AndroidManifest.xml:35:13-37
143            <intent-filter>
143-->[com.google.android.gms:play-services-tagmanager-api:12.0.1] AndroidManifest.xml:36:13-43:29
144                <data android:scheme="tagmanager.c.edu.umb.cs443" />
144-->[com.google.android.gms:play-services-tagmanager-api:12.0.1] AndroidManifest.xml:37:17-72
144-->[com.google.android.gms:play-services-tagmanager-api:12.0.1] AndroidManifest.xml:37:23-69
145
146                <action android:name="android.intent.action.VIEW" />
146-->[com.google.android.gms:play-services-tagmanager-api:12.0.1] AndroidManifest.xml:39:17-69
146-->[com.google.android.gms:play-services-tagmanager-api:12.0.1] AndroidManifest.xml:39:25-66
147
148                <category android:name="android.intent.category.DEFAULT" />
148-->[com.google.android.gms:play-services-appinvite:12.0.1] AndroidManifest.xml:32:17-76
148-->[com.google.android.gms:play-services-appinvite:12.0.1] AndroidManifest.xml:32:27-73
149                <category android:name="android.intent.category.BROWSABLE" />
149-->[com.google.android.gms:play-services-tagmanager-api:12.0.1] AndroidManifest.xml:42:17-78
149-->[com.google.android.gms:play-services-tagmanager-api:12.0.1] AndroidManifest.xml:42:27-75
150            </intent-filter>
151        </activity>
152
153        <receiver
153-->[com.google.firebase:firebase-analytics:12.0.1] AndroidManifest.xml:28:9-32:20
154            android:name="com.google.android.gms.measurement.AppMeasurementReceiver"
154-->[com.google.firebase:firebase-analytics:12.0.1] AndroidManifest.xml:29:13-85
155            android:enabled="true"
155-->[com.google.firebase:firebase-analytics:12.0.1] AndroidManifest.xml:30:13-35
156            android:exported="false" >
156-->[com.google.firebase:firebase-analytics:12.0.1] AndroidManifest.xml:31:13-37
157        </receiver>
158        <receiver
158-->[com.google.firebase:firebase-analytics:12.0.1] AndroidManifest.xml:33:9-41:20
159            android:name="com.google.android.gms.measurement.AppMeasurementInstallReferrerReceiver"
159-->[com.google.firebase:firebase-analytics:12.0.1] AndroidManifest.xml:34:13-100
160            android:enabled="true"
160-->[com.google.firebase:firebase-analytics:12.0.1] AndroidManifest.xml:35:13-35
161            android:exported="true"
161-->[com.google.firebase:firebase-analytics:12.0.1] AndroidManifest.xml:36:13-36
162            android:permission="android.permission.INSTALL_PACKAGES" >
162-->[com.google.firebase:firebase-analytics:12.0.1] AndroidManifest.xml:37:13-69
163            <intent-filter>
163-->[com.google.firebase:firebase-analytics:12.0.1] AndroidManifest.xml:38:13-40:29
164                <action android:name="com.android.vending.INSTALL_REFERRER" />
164-->[com.google.firebase:firebase-analytics:12.0.1] AndroidManifest.xml:39:17-79
164-->[com.google.firebase:firebase-analytics:12.0.1] AndroidManifest.xml:39:25-76
165            </intent-filter>
166        </receiver>
167
168        <service
168-->[com.google.firebase:firebase-analytics:12.0.1] AndroidManifest.xml:43:9-46:40
169            android:name="com.google.android.gms.measurement.AppMeasurementService"
169-->[com.google.firebase:firebase-analytics:12.0.1] AndroidManifest.xml:44:13-84
170            android:enabled="true"
170-->[com.google.firebase:firebase-analytics:12.0.1] AndroidManifest.xml:45:13-35
171            android:exported="false" />
171-->[com.google.firebase:firebase-analytics:12.0.1] AndroidManifest.xml:46:13-37
172        <service
172-->[com.google.firebase:firebase-analytics:12.0.1] AndroidManifest.xml:47:9-51:72
173            android:name="com.google.android.gms.measurement.AppMeasurementJobService"
173-->[com.google.firebase:firebase-analytics:12.0.1] AndroidManifest.xml:48:13-87
174            android:enabled="true"
174-->[com.google.firebase:firebase-analytics:12.0.1] AndroidManifest.xml:49:13-35
175            android:exported="false"
175-->[com.google.firebase:firebase-analytics:12.0.1] AndroidManifest.xml:50:13-37
176            android:permission="android.permission.BIND_JOB_SERVICE" />
176-->[com.google.firebase:firebase-analytics:12.0.1] AndroidManifest.xml:51:13-69
177
178        <receiver
178-->[com.google.firebase:firebase-iid:12.0.1] AndroidManifest.xml:35:9-44:20
179            android:name="com.google.firebase.iid.FirebaseInstanceIdReceiver"
179-->[com.google.firebase:firebase-iid:12.0.1] AndroidManifest.xml:36:13-78
180            android:exported="true"
180-->[com.google.firebase:firebase-iid:12.0.1] AndroidManifest.xml:37:13-36
181            android:permission="com.google.android.c2dm.permission.SEND" >
181-->[com.google.firebase:firebase-iid:12.0.1] AndroidManifest.xml:38:13-73
182            <intent-filter>
182-->[com.google.firebase:firebase-iid:12.0.1] AndroidManifest.xml:39:13-43:29
183                <action android:name="com.google.android.c2dm.intent.RECEIVE" />
183-->[com.google.firebase:firebase-iid:12.0.1] AndroidManifest.xml:40:17-81
183-->[com.google.firebase:firebase-iid:12.0.1] AndroidManifest.xml:40:25-78
184
185                <category android:name="edu.umb.cs443" />
185-->[com.google.firebase:firebase-iid:12.0.1] AndroidManifest.xml:42:17-61
185-->[com.google.firebase:firebase-iid:12.0.1] AndroidManifest.xml:42:27-58
186            </intent-filter>
187        </receiver>
188        <!--
189             FirebaseInstanceIdService performs security checks at runtime,
190             no need for explicit permissions despite exported="true"
191        -->
192        <service
192-->[com.google.firebase:firebase-iid:12.0.1] AndroidManifest.xml:50:9-56:19
193            android:name="com.google.firebase.iid.FirebaseInstanceIdService"
193-->[com.google.firebase:firebase-iid:12.0.1] AndroidManifest.xml:51:13-77
194            android:exported="true" >
194-->[com.google.firebase:firebase-iid:12.0.1] AndroidManifest.xml:52:13-36
195            <intent-filter android:priority="-500" >
195-->[com.google.firebase:firebase-iid:12.0.1] AndroidManifest.xml:53:13-55:29
195-->[com.google.firebase:firebase-iid:12.0.1] AndroidManifest.xml:53:28-51
196                <action android:name="com.google.firebase.INSTANCE_ID_EVENT" />
196-->[com.google.firebase:firebase-iid:12.0.1] AndroidManifest.xml:54:17-80
196-->[com.google.firebase:firebase-iid:12.0.1] AndroidManifest.xml:54:25-77
197            </intent-filter>
198        </service>
199
200        <provider
200-->[com.google.firebase:firebase-common:12.0.1] AndroidManifest.xml:8:9-12:39
201            android:name="com.google.firebase.provider.FirebaseInitProvider"
201-->[com.google.firebase:firebase-common:12.0.1] AndroidManifest.xml:9:13-77
202            android:authorities="edu.umb.cs443.firebaseinitprovider"
202-->[com.google.firebase:firebase-common:12.0.1] AndroidManifest.xml:10:13-72
203            android:exported="false"
203-->[com.google.firebase:firebase-common:12.0.1] AndroidManifest.xml:11:13-37
204            android:initOrder="100" />
204-->[com.google.firebase:firebase-common:12.0.1] AndroidManifest.xml:12:13-36
205    </application>
206
207</manifest>